<?xml version="1.0" encoding="UTF-8"?>
<coverage generated="1717005572464" clover="3.2.0">
  <project timestamp="1717005572464" name="All files">
    <metrics statements="9" coveredstatements="9" conditionals="8" coveredconditionals="8" methods="3" coveredmethods="3" elements="20" coveredelements="20" complexity="0" loc="9" ncloc="9" packages="1" files="2" classes="2"/>
    <file name="heroes.js" path="C:\Users\xotab\OneDrive\Рабочий стол\test_jest\test\heroes.js">
      <metrics statements="7" coveredstatements="7" conditionals="6" coveredconditionals="6" methods="1" coveredmethods="1"/>
      <line num="1" count="1" type="stmt"/>
      <line num="2" count="1" type="stmt"/>
      <line num="5" count="3" type="cond" truecount="2" falsecount="0"/>
      <line num="6" count="1" type="stmt"/>
      <line num="8" count="2" type="cond" truecount="4" falsecount="0"/>
      <line num="9" count="1" type="stmt"/>
      <line num="12" count="1" type="stmt"/>
    </file>
    <file name="matchers.js" path="C:\Users\xotab\OneDrive\Рабочий стол\test_jest\test\matchers.js">
      <metrics statements="2" coveredstatements="2" conditionals="2" coveredconditionals="2" methods="2" coveredmethods="2"/>
      <line num="1" count="1" type="stmt"/>
      <line num="8" count="4" type="cond" truecount="2" falsecount="0"/>
    </file>
  </project>
</coverage>
