{"C:\\Users\\xotab\\OneDrive\\Рабочий стол\\test_jest\\test\\heroes.js": {"path":"C:\\Users\\xotab\\OneDrive\\Рабочий стол\\test_jest\\test\\heroes.js","statementMap":{"0":{"start":{"line":1,"column":15},"end":{"line":1,"column":40}},"1":{"start":{"line":2,"column":20},"end":{"line":2,"column":33}},"2":{"start":{"line":5,"column":0},"end":{"line":7,"column":1}},"3":{"start":{"line":6,"column":4},"end":{"line":6,"column":21}},"4":{"start":{"line":8,"column":0},"end":{"line":13,"column":1}},"5":{"start":{"line":9,"column":4},"end":{"line":9,"column":21}},"6":{"start":{"line":12,"column":4},"end":{"line":12,"column":22}}},"fnMap":{"0":{"name":"health","decl":{"start":{"line":4,"column":24},"end":{"line":4,"column":30}},"loc":{"start":{"line":4,"column":42},"end":{"line":15,"column":1}},"line":4}},"branchMap":{"0":{"loc":{"start":{"line":5,"column":0},"end":{"line":7,"column":1}},"type":"if","locations":[{"start":{"line":5,"column":0},"end":{"line":7,"column":1}},{"start":{},"end":{}}],"line":5},"1":{"loc":{"start":{"line":8,"column":0},"end":{"line":13,"column":1}},"type":"if","locations":[{"start":{"line":8,"column":0},"end":{"line":13,"column":1}},{"start":{"line":11,"column":4},"end":{"line":13,"column":1}}],"line":8},"2":{"loc":{"start":{"line":8,"column":3},"end":{"line":8,"column":39}},"type":"binary-expr","locations":[{"start":{"line":8,"column":3},"end":{"line":8,"column":19}},{"start":{"line":8,"column":23},"end":{"line":8,"column":39}}],"line":8}},"s":{"0":1,"1":1,"2":3,"3":1,"4":2,"5":1,"6":1},"f":{"0":3},"b":{"0":[1,2],"1":[1,1],"2":[2,1]},"_coverageSchema":"1a1c01bbd47fc00a2c39e90264f33305004495a9","hash":"e63f6b803aaca79f7ebe47b52158ab723da973bd"}
,"C:\\Users\\xotab\\OneDrive\\Рабочий стол\\test_jest\\test\\matchers.js": {"path":"C:\\Users\\xotab\\OneDrive\\Рабочий стол\\test_jest\\test\\matchers.js","statementMap":{"0":{"start":{"line":1,"column":16},"end":{"line":5,"column":3}},"1":{"start":{"line":8,"column":6},"end":{"line":8,"column":66}},"2":{"start":{"line":8,"column":36},"end":{"line":8,"column":64}}},"fnMap":{"0":{"name":"sortPersons","decl":{"start":{"line":7,"column":26},"end":{"line":7,"column":37}},"loc":{"start":{"line":7,"column":47},"end":{"line":9,"column":3}},"line":7},"1":{"name":"(anonymous_1)","decl":{"start":{"line":8,"column":26},"end":{"line":8,"column":27}},"loc":{"start":{"line":8,"column":36},"end":{"line":8,"column":64}},"line":8}},"branchMap":{"0":{"loc":{"start":{"line":8,"column":36},"end":{"line":8,"column":64}},"type":"cond-expr","locations":[{"start":{"line":8,"column":58},"end":{"line":8,"column":59}},{"start":{"line":8,"column":62},"end":{"line":8,"column":64}}],"line":8}},"s":{"0":1,"1":1,"2":4},"f":{"0":1,"1":4},"b":{"0":[2,2]},"_coverageSchema":"1a1c01bbd47fc00a2c39e90264f33305004495a9","hash":"b6815e5b006e879acd3bef3c4acb83022a11ea8e"}
}
